[tsconfig-paths] An error occurred while parsing "/Users/slichti/GitHub/studio-platform-dev/packages/ui/tsconfig.json". See below for details. To disable this message, set the `ignoreConfigErrors` option to true.
[tsconfig-paths] An error occurred while parsing "/Users/slichti/GitHub/studio-platform-dev/packages/ui/tsconfig.json". See below for details. To disable this message, set the `ignoreConfigErrors` option to true.
[tsconfig-paths] An error occurred while parsing "/Users/slichti/GitHub/studio-platform-dev/packages/ui/tsconfig.json". See below for details. To disable this message, set the `ignoreConfigErrors` option to true.
[tsconfig-paths] An error occurred while parsing "/Users/slichti/GitHub/studio-platform-dev/packages/ui/tsconfig.json". See below for details. To disable this message, set the `ignoreConfigErrors` option to true.
[tsconfig-paths] An error occurred while parsing "/Users/slichti/GitHub/studio-platform-dev/packages/ui/tsconfig.json". See below for details. To disable this message, set the `ignoreConfigErrors` option to true.
vite v7.3.1 building client environment for production...
[tsconfig-paths] An error occurred while parsing "/Users/slichti/GitHub/studio-platform-dev/packages/ui/tsconfig.json". See below for details. To disable this message, set the `ignoreConfigErrors` option to true.
transforming...
✓ 2 modules transformed.
✗ Build failed in 169ms
[vite:esbuild] Transform failed with 1 error:
/Users/slichti/GitHub/studio-platform-dev/apps/web/app/routes/admin.architecture.tsx?__react-router-build-client-route:282:11: ERROR: Unterminated regular expression
file: /Users/slichti/GitHub/studio-platform-dev/apps/web/app/routes/admin.architecture.tsx?__react-router-build-client-route:282:11

Unterminated regular expression
280 |              </div>
281 |          </div>
282 |      </div >
    |             ^
283 |  
284 |      );

    at failureErrorWithLog (/Users/slichti/GitHub/studio-platform-dev/node_modules/esbuild/lib/main.js:1467:15)
    at /Users/slichti/GitHub/studio-platform-dev/node_modules/esbuild/lib/main.js:736:50
    at responseCallbacks.<computed> (/Users/slichti/GitHub/studio-platform-dev/node_modules/esbuild/lib/main.js:603:9)
    at handleIncomingPacket (/Users/slichti/GitHub/studio-platform-dev/node_modules/esbuild/lib/main.js:658:12)
    at Socket.readFromStdout (/Users/slichti/GitHub/studio-platform-dev/node_modules/esbuild/lib/main.js:581:7)
    at Socket.emit (node:events:508:28)
    at addChunk (node:internal/streams/readable:559:12)
    at readableAddChunkPushByteMode (node:internal/streams/readable:510:3)
    at Socket.Readable.push (node:internal/streams/readable:390:5)
    at Pipe.onStreamRead (node:internal/stream_base_commons:189:23) {
  errors: [Getter/Setter],
  warnings: [Getter/Setter],
  frame: '\n' +
    'Unterminated regular expression\n' +
    '280 |              </div>\n' +
    '281 |          </div>\n' +
    '282 |      </div >\n' +
    '    |             ^\n' +
    '283 |  \n' +
    '284 |      );\n',
  loc: {
    column: 11,
    file: '/Users/slichti/GitHub/studio-platform-dev/apps/web/app/routes/admin.architecture.tsx?__react-router-build-client-route',
    length: 0,
    line: 282,
    lineText: '    </div >',
    namespace: '',
    suggestion: ''
  },
  code: 'PLUGIN_ERROR',
  plugin: 'vite:esbuild',
  hook: 'transform',
  id: '/Users/slichti/GitHub/studio-platform-dev/apps/web/app/routes/admin.architecture.tsx?__react-router-build-client-route',
  watchFiles: [
    '/Users/slichti/GitHub/studio-platform-dev/apps/web/app/root.tsx',
    '/Users/slichti/GitHub/studio-platform-dev/apps/web/app/routes/accept-invite.tsx',
    '/Users/slichti/GitHub/studio-platform-dev/apps/web/app/routes/pricing._index.tsx',
    '/Users/slichti/GitHub/studio-platform-dev/apps/web/app/routes/pricing.compare.tsx',
    '/Users/slichti/GitHub/studio-platform-dev/apps/web/app/routes/create-studio.tsx',
    '/Users/slichti/GitHub/studio-platform-dev/apps/web/app/routes/studio.$slug.tsx',
    '/Users/slichti/GitHub/studio-platform-dev/apps/web/app/routes/studio.$slug.videos.collections.$id.tsx',
    '/Users/slichti/GitHub/studio-platform-dev/apps/web/app/routes/studio.$slug.website.editor.$pageId.tsx',
    '/Users/slichti/GitHub/studio-platform-dev/apps/web/app/routes/studio.$slug.financials.my-payouts.tsx',
    '/Users/slichti/GitHub/studio-platform-dev/apps/web/app/routes/studio.$slug.videos.edit.$videoId.tsx',
    '/Users/slichti/GitHub/studio-platform-dev/apps/web/app/routes/studio.$slug.commerce.gift-cards.tsx',
    '/Users/slichti/GitHub/studio-platform-dev/apps/web/app/routes/studio.$slug.financials.payroll.tsx',
    '/Users/slichti/GitHub/studio-platform-dev/apps/web/app/entry.client.tsx',
    '/Users/slichti/GitHub/studio-platform-dev/apps/web/app/routes/site.$slug.$pageSlug.tsx',
    '/Users/slichti/GitHub/studio-platform-dev/apps/web/app/routes/studio.$slug.financials._index.tsx',
    '/Users/slichti/GitHub/studio-platform-dev/apps/web/app/routes/studio.$slug.commerce.coupons.tsx',
    '/Users/slichti/GitHub/studio-platform-dev/apps/web/app/routes/studio.$slug.commerce.packs.tsx',
    '/Users/slichti/GitHub/studio-platform-dev/apps/web/app/routes/studio.$slug.substitutions.tsx',
    '/Users/slichti/GitHub/studio-platform-dev/apps/web/app/routes/studio.$slug.videos._index.tsx',
    '/Users/slichti/GitHub/studio-platform-dev/apps/web/app/routes/studio.$slug.appointments.tsx',
    '/Users/slichti/GitHub/studio-platform-dev/apps/web/app/routes/studio.$slug.appointments.calendar.tsx',
    '/Users/slichti/GitHub/studio-platform-dev/apps/web/app/routes/studio.$slug.website.pages.tsx',
    '/Users/slichti/GitHub/studio-platform-dev/apps/web/app/routes/studio.$slug.memberships.tsx',
    '/Users/slichti/GitHub/studio-platform-dev/apps/web/app/routes/studio.$slug.challenges.tsx',
    '/Users/slichti/GitHub/studio-platform-dev/apps/web/app/routes/studio.$slug.instructor.tsx',
    '/Users/slichti/GitHub/studio-platform-dev/apps/web/app/routes/studio.$slug.discounts.tsx',
    '/Users/slichti/GitHub/studio-platform-dev/apps/web/app/routes/studio.$slug.instructor.schedule.tsx',
    '/Users/slichti/GitHub/studio-platform-dev/apps/web/app/routes/studio.$slug.instructor.payroll.tsx',
    '/Users/slichti/GitHub/studio-platform-dev/apps/web/app/routes/studio.$slug.dashboard.tsx',
    '/Users/slichti/GitHub/studio-platform-dev/apps/web/app/routes/studio.$slug.marketing.tsx',
    '/Users/slichti/GitHub/studio-platform-dev/apps/web/app/routes/studio.$slug.branding.tsx',
    '/Users/slichti/GitHub/studio-platform-dev/apps/web/app/routes/studio.$slug.marketing.automations.tsx',
    '/Users/slichti/GitHub/studio-platform-dev/apps/web/app/routes/studio.$slug.checkout.tsx',
    '/Users/slichti/GitHub/studio-platform-dev/apps/web/app/routes/studio.$slug.checkout.return.tsx',
    '/Users/slichti/GitHub/studio-platform-dev/apps/web/app/routes/studio.$slug.finances.tsx',
    '/Users/slichti/GitHub/studio-platform-dev/apps/web/app/routes/studio.$slug.schedule.tsx',
    '/Users/slichti/GitHub/studio-platform-dev/apps/web/app/routes/studio.$slug.settings.tsx',
    '/Users/slichti/GitHub/studio-platform-dev/apps/web/app/routes/studio.$slug.settings.integrations.tsx',
    '/Users/slichti/GitHub/studio-platform-dev/apps/web/app/routes/studio.$slug.settings.hardware.tsx',
    '/Users/slichti/GitHub/studio-platform-dev/apps/web/app/routes/studio.$slug.settings.billing.tsx',
    '/Users/slichti/GitHub/studio-platform-dev/apps/web/app/routes/studio.$slug.settings.branding.tsx',
    '/Users/slichti/GitHub/studio-platform-dev/apps/web/app/routes/studio.$slug.settings.addons.tsx',
    '/Users/slichti/GitHub/studio-platform-dev/apps/web/app/routes/studio.$slug.settings.domain.tsx',
    '/Users/slichti/GitHub/studio-platform-dev/apps/web/app/routes/studio.$slug.settings._index.tsx',
    '/Users/slichti/GitHub/studio-platform-dev/apps/web/app/routes/studio.$slug.students._index.tsx',
    '/Users/slichti/GitHub/studio-platform-dev/apps/web/app/routes/studio.$slug.students.tsx',
    '/Users/slichti/GitHub/studio-platform-dev/apps/web/app/routes/studio.$slug.settings.embeds.tsx',
    '/Users/slichti/GitHub/studio-platform-dev/apps/web/app/routes/studio.$slug.settings.locations.tsx',
    '/Users/slichti/GitHub/studio-platform-dev/apps/web/app/routes/studio.$slug.classes.tsx',
    '/Users/slichti/GitHub/studio-platform-dev/apps/web/app/routes/studio.$slug.checkin.tsx',
    '/Users/slichti/GitHub/studio-platform-dev/apps/web/app/routes/studio.$slug.marketing.referrals.tsx',
    '/Users/slichti/GitHub/studio-platform-dev/apps/web/app/routes/studio.$slug.classes.$id.roster.tsx',
    '/Users/slichti/GitHub/studio-platform-dev/apps/web/app/routes/studio.$slug.students.$id.tsx',
    '/Users/slichti/GitHub/studio-platform-dev/apps/web/app/routes/studio.$slug.classes._index.tsx',
    '/Users/slichti/GitHub/studio-platform-dev/apps/web/app/routes/studio.$slug.classes.$classId.live.tsx',
    '/Users/slichti/GitHub/studio-platform-dev/apps/web/app/routes/studio.$slug.loyalty.tsx',
    '/Users/slichti/GitHub/studio-platform-dev/apps/web/app/routes/studio.$slug.profile.tsx',
    '/Users/slichti/GitHub/studio-platform-dev/apps/web/app/routes/studio.$slug.reports.advanced.tsx',
    '/Users/slichti/GitHub/studio-platform-dev/apps/web/app/routes/studio.$slug.reports.tsx',
    '/Users/slichti/GitHub/studio-platform-dev/apps/web/app/routes/studio.$slug.waivers.new.tsx',
    '/Users/slichti/GitHub/studio-platform-dev/apps/web/app/routes/studio.$slug.waivers._index.tsx',
    '/Users/slichti/GitHub/studio-platform-dev/apps/web/app/routes/studio.$slug._index.tsx',
    '/Users/slichti/GitHub/studio-platform-dev/apps/web/app/routes/studio.$slug.leads.tsx',
    '/Users/slichti/GitHub/studio-platform-dev/apps/web/app/routes/studio.$slug.waivers.tsx',
    '/Users/slichti/GitHub/studio-platform-dev/apps/web/app/routes/studio.$slug.tasks.tsx',
    '/Users/slichti/GitHub/studio-platform-dev/apps/web/app/routes/studio.$slug.retail.tsx',
    '/Users/slichti/GitHub/studio-platform-dev/apps/web/app/routes/studio.$slug.chat.$roomId.tsx',
    '/Users/slichti/GitHub/studio-platform-dev/apps/web/app/routes/studio.$slug.data._index.tsx',
    '/Users/slichti/GitHub/studio-platform-dev/apps/web/app/routes/studio.$slug.data.tsx',
    '/Users/slichti/GitHub/studio-platform-dev/apps/web/app/routes/studio.$slug.data.import.tsx',
    '/Users/slichti/GitHub/studio-platform-dev/apps/web/app/routes/studio.$slug.chat.tsx',
    '/Users/slichti/GitHub/studio-platform-dev/apps/web/app/routes/embed.$slug.tsx',
    '/Users/slichti/GitHub/studio-platform-dev/apps/web/app/routes/embed.$slug.pricing.tsx',
    '/Users/slichti/GitHub/studio-platform-dev/apps/web/app/routes/studio.$slug.data.export.tsx',
    '/Users/slichti/GitHub/studio-platform-dev/apps/web/app/routes/studio.$slug.pos.tsx',
    '/Users/slichti/GitHub/studio-platform-dev/apps/web/app/routes/embed.$slug.chat.tsx',
    '/Users/slichti/GitHub/studio-platform-dev/apps/web/app/routes/embed.$slug.shop.tsx',
    '/Users/slichti/GitHub/studio-platform-dev/apps/web/app/routes/embed.$slug.calendar.tsx',
    '/Users/slichti/GitHub/studio-platform-dev/apps/web/app/routes/dashboard.classes.tsx',
    '/Users/slichti/GitHub/studio-platform-dev/apps/web/app/routes/$pageSlug.tsx',
    '/Users/slichti/GitHub/studio-platform-dev/apps/web/app/routes/dashboard.tsx',
    '/Users/slichti/GitHub/studio-platform-dev/apps/web/app/routes/dashboard.classes.$id.watch.tsx',
    '/Users/slichti/GitHub/studio-platform-dev/apps/web/app/routes/dashboard.classes._index.tsx',
    '/Users/slichti/GitHub/studio-platform-dev/apps/web/app/routes/dashboard._index.tsx',
    '/Users/slichti/GitHub/studio-platform-dev/apps/web/app/routes/debug-ssr.tsx',
    '/Users/slichti/GitHub/studio-platform-dev/apps/web/app/routes/dashboard.profile.tsx',
    '/Users/slichti/GitHub/studio-platform-dev/apps/web/app/routes/sign-in.$.tsx',
    '/Users/slichti/GitHub/studio-platform-dev/apps/web/app/routes/_index.tsx',
    '/Users/slichti/GitHub/studio-platform-dev/apps/web/app/routes/sign-up.$.tsx',
    '/Users/slichti/GitHub/studio-platform-dev/apps/web/app/routes/admin.users.$userId.tsx',
    '/Users/slichti/GitHub/studio-platform-dev/apps/web/app/routes/dashboard.classes.$id.roster.tsx',
    '/Users/slichti/GitHub/studio-platform-dev/apps/web/app/routes/admin.architecture.tsx',
    '/Users/slichti/GitHub/studio-platform-dev/apps/web/app/routes/admin.diagnostics.tsx',
    '/Users/slichti/GitHub/studio-platform-dev/apps/web/app/routes/admin.users._index.tsx',
    '/Users/slichti/GitHub/studio-platform-dev/apps/web/app/routes/admin.diagnostics.run.tsx',
    '/Users/slichti/GitHub/studio-platform-dev/apps/web/app/routes/admin.projections.tsx',
    '/Users/slichti/GitHub/studio-platform-dev/apps/web/app/routes/admin.tsx',
    '/Users/slichti/GitHub/studio-platform-dev/apps/web/app/routes/admin.financials.tsx',
    '/Users/slichti/GitHub/studio-platform-dev/apps/web/app/routes/admin.features.tsx',
    '/Users/slichti/GitHub/studio-platform-dev/apps/web/app/routes/admin.tenants.tsx',
    ... 15 more items
  ]
}
