
> build
> react-router build

vite v5.4.21 building for production...
transforming...
✓ 36 modules transformed.
x Build failed in 419ms
[vite:css] [postcss] /Users/slichti/GitHub/studio-platform-dev/apps/web/app/index.css?transform-only:1:1: The `bg-background` class does not exist. If `bg-background` is a custom class, make sure it is defined within a `@layer` directive.
file: /Users/slichti/GitHub/studio-platform-dev/apps/web/app/index.css?transform-only:1:0
    at Input.error (/Users/slichti/GitHub/studio-platform-dev/node_modules/postcss/lib/input.js:135:16)
    at AtRule.error (/Users/slichti/GitHub/studio-platform-dev/node_modules/postcss/lib/node.js:146:32)
    at processApply (/Users/slichti/GitHub/studio-platform-dev/apps/web/node_modules/tailwindcss/lib/lib/expandApplyAtRules.js:380:29)
    at /Users/slichti/GitHub/studio-platform-dev/apps/web/node_modules/tailwindcss/lib/lib/expandApplyAtRules.js:538:9
    at /Users/slichti/GitHub/studio-platform-dev/apps/web/node_modules/tailwindcss/lib/processTailwindFeatures.js:57:50
    at plugins (/Users/slichti/GitHub/studio-platform-dev/apps/web/node_modules/tailwindcss/lib/plugin.js:38:17)
    at LazyResult.runAsync (/Users/slichti/GitHub/studio-platform-dev/node_modules/postcss/lib/lazy-result.js:293:11)
    at compileCSS (file:///Users/slichti/GitHub/studio-platform-dev/node_modules/vite/dist/node/chunks/dep-BK3b2jBa.js:36898:21)
    at Object.transform (file:///Users/slichti/GitHub/studio-platform-dev/node_modules/vite/dist/node/chunks/dep-BK3b2jBa.js:36171:11)
    at transform (file:///Users/slichti/GitHub/studio-platform-dev/node_modules/rollup/dist/es/shared/node-entry.js:21206:16) {
  name: 'CssSyntaxError',
  reason: 'The `bg-background` class does not exist. If `bg-background` is a custom class, make sure it is defined within a `@layer` directive.',
  file: '/Users/slichti/GitHub/studio-platform-dev/apps/web/app/index.css?transform-only',
  source: '@tailwind base;\n' +
    '@tailwind components;\n' +
    '@tailwind utilities;\n' +
    '\n' +
    '@layer base {\n' +
    '  :root {\n' +
    '    --background: 0 0% 100%;\n' +
    '    --foreground: 240 10% 3.9%;\n' +
    '  }\n' +
    ' \n' +
    '  body {\n' +
    '    @apply bg-background text-foreground;\n' +
    '  }\n' +
    '}\n',
  line: 1,
  column: 1,
  endLine: 1,
  endColumn: 16,
  input: {
    column: 1,
    endColumn: 16,
    endLine: 1,
    endOffset: 15,
    line: 1,
    offset: 0,
    source: '@tailwind base;\n' +
      '@tailwind components;\n' +
      '@tailwind utilities;\n' +
      '\n' +
      '@layer base {\n' +
      '  :root {\n' +
      '    --background: 0 0% 100%;\n' +
      '    --foreground: 240 10% 3.9%;\n' +
      '  }\n' +
      ' \n' +
      '  body {\n' +
      '    @apply bg-background text-foreground;\n' +
      '  }\n' +
      '}\n',
    url: 'file:///Users/slichti/GitHub/studio-platform-dev/apps/web/app/index.css%3Ftransform-only',
    file: '/Users/slichti/GitHub/studio-platform-dev/apps/web/app/index.css?transform-only'
  },
  plugin: 'vite:css',
  code: 'PLUGIN_ERROR',
  loc: {
    file: '/Users/slichti/GitHub/studio-platform-dev/apps/web/app/index.css?transform-only',
    line: 1,
    column: 0
  },
  pluginCode: '@tailwind base;\n' +
    '@tailwind components;\n' +
    '@tailwind utilities;\n' +
    '\n' +
    '@layer base {\n' +
    '  :root {\n' +
    '    --background: 0 0% 100%;\n' +
    '    --foreground: 240 10% 3.9%;\n' +
    '  }\n' +
    ' \n' +
    '  body {\n' +
    '    @apply bg-background text-foreground;\n' +
    '  }\n' +
    '}\n',
  hook: 'transform',
  id: '/Users/slichti/GitHub/studio-platform-dev/apps/web/app/index.css?transform-only',
  watchFiles: [
    '/Users/slichti/GitHub/studio-platform-dev/apps/web/app/root.tsx',
    '/Users/slichti/GitHub/studio-platform-dev/apps/web/app/routes/studio.$slug.tsx',
    '/Users/slichti/GitHub/studio-platform-dev/apps/web/app/routes/dashboard.classes.tsx',
    '/Users/slichti/GitHub/studio-platform-dev/apps/web/app/routes/dashboard.tsx',
    '/Users/slichti/GitHub/studio-platform-dev/apps/web/app/routes/studio.$slug._index.tsx',
    '/Users/slichti/GitHub/studio-platform-dev/apps/web/app/routes/dashboard.classes.$id.watch.tsx',
    '/Users/slichti/GitHub/studio-platform-dev/apps/web/app/routes/dashboard.classes.$id.roster.tsx',
    '/Users/slichti/GitHub/studio-platform-dev/apps/web/app/routes/sign-in.$.tsx',
    '/Users/slichti/GitHub/studio-platform-dev/apps/web/app/routes/sign-up.$.tsx',
    '/Users/slichti/GitHub/studio-platform-dev/apps/web/app/routes/dashboard.profile.tsx',
    '/Users/slichti/GitHub/studio-platform-dev/apps/web/app/routes/_index.tsx',
    '/Users/slichti/GitHub/studio-platform-dev/apps/web/app/routes/admin.tsx',
    '/Users/slichti/GitHub/studio-platform-dev/apps/web/app/routes/admin.tenants.tsx',
    '/Users/slichti/GitHub/studio-platform-dev/apps/web/app/routes/dashboard._index.tsx',
    '/Users/slichti/GitHub/studio-platform-dev/apps/web/app/routes/admin.users.tsx',
    '/Users/slichti/GitHub/studio-platform-dev/apps/web/app/routes/admin._index.tsx',
    '/Users/slichti/GitHub/studio-platform-dev/apps/web/app/routes/admin.status.tsx',
    '/Users/slichti/GitHub/studio-platform-dev/apps/web/app/entry.client.tsx',
    '/Users/slichti/GitHub/studio-platform-dev/apps/web/package.json',
    '/Users/slichti/GitHub/studio-platform-dev/apps/web/app/index.css'
  ]
}
npm error Lifecycle script `build` failed with error:
npm error code 1
npm error path /Users/slichti/GitHub/studio-platform-dev/apps/web
npm error workspace web
npm error location /Users/slichti/GitHub/studio-platform-dev/apps/web
npm error command failed
npm error command sh -c react-router build
